Warning[207] D:\SOURCE\OBD2\MAIN.ASM 83 : Found label after column 1. (TMR_COUNT)
Warning[207] D:\SOURCE\OBD2\MAIN.ASM 111 : Found label after column 1. (iret)
Warning[207] D:\SOURCE\OBD2\LCD.INC 118 : Found label after column 1. (LCD_Text)
Warning[205] D:\SOURCE\OBD2\ISO_LIB.INC 16 : Found directive in column 1. (local)
Warning[205] D:\SOURCE\OBD2\ISO_LIB.INC 17 : Found directive in column 1. (while)
Warning[207] D:\SOURCE\OBD2\ISO_LIB.INC 23 : Found label after column 1. (i)
Warning[207] D:\SOURCE\OBD2\ISO_LIB.INC 23 : Found label after column 1. (i)
Warning[207] D:\SOURCE\OBD2\ISO_LIB.INC 23 : Found label after column 1. (i)
Warning[207] D:\SOURCE\OBD2\ISO_LIB.INC 23 : Found label after column 1. (i)
Warning[207] D:\SOURCE\OBD2\ISO_LIB.INC 23 : Found label after column 1. (i)
Warning[207] D:\SOURCE\OBD2\ISO_LIB.INC 23 : Found label after column 1. (i)
Warning[207] D:\SOURCE\OBD2\ISO_LIB.INC 23 : Found label after column 1. (i)
Warning[207] D:\SOURCE\OBD2\ISO_LIB.INC 23 : Found label after column 1. (i)
Warning[205] D:\SOURCE\OBD2\ISO_LIB.INC 24 : Found directive in column 1. (endw)
Message[302] D:\SOURCE\OBD2\MAIN.ASM 176 : Register in operand not in bank 0.  Ensure that bank bits are correct.
Message[302] D:\SOURCE\OBD2\MAIN.ASM 190 : Register in operand not in bank 0.  Ensure that bank bits are correct.
Message[302] D:\SOURCE\OBD2\MAIN.ASM 211 : Register in operand not in bank 0.  Ensure that bank bits are correct.
Message[302] D:\SOURCE\OBD2\MAIN.ASM 246 : Register in operand not in bank 0.  Ensure that bank bits are correct.
Message[302] D:\SOURCE\OBD2\MAIN.ASM 258 : Register in operand not in bank 0.  Ensure that bank bits are correct.
Message[302] D:\SOURCE\OBD2\MAIN.ASM 270 : Register in operand not in bank 0.  Ensure that bank bits are correct.
Warning[207] D:\SOURCE\OBD2\LCD.INC 147 : Found label after column 1. (I)
Warning[207] D:\SOURCE\OBD2\LCD.INC 147 : Found label after column 1. (I)
Warning[207] D:\SOURCE\OBD2\LCD.INC 147 : Found label after column 1. (I)
Warning[207] D:\SOURCE\OBD2\LCD.INC 147 : Found label after column 1. (I)
Warning[207] D:\SOURCE\OBD2\LCD.INC 147 : Found label after column 1. (I)
Warning[207] D:\SOURCE\OBD2\LCD.INC 147 : Found label after column 1. (I)
Warning[207] D:\SOURCE\OBD2\LCD.INC 147 : Found label after column 1. (I)
Warning[207] D:\SOURCE\OBD2\LCD.INC 147 : Found label after column 1. (I)
Warning[207] D:\SOURCE\OBD2\LCD.INC 147 : Found label after column 1. (I)
Warning[207] D:\SOURCE\OBD2\LCD.INC 147 : Found label after column 1. (I)
Warning[207] D:\SOURCE\OBD2\LCD.INC 147 : Found label after column 1. (I)
Warning[207] D:\SOURCE\OBD2\LCD.INC 147 : Found label after column 1. (I)
Warning[207] D:\SOURCE\OBD2\LCD.INC 147 : Found label after column 1. (I)
Warning[207] D:\SOURCE\OBD2\LCD.INC 147 : Found label after column 1. (I)
Warning[207] D:\SOURCE\OBD2\LCD.INC 147 : Found label after column 1. (I)
Warning[207] D:\SOURCE\OBD2\LCD.INC 147 : Found label after column 1. (I)
Warning[207] D:\SOURCE\OBD2\LCD.INC 147 : Found label after column 1. (I)
Warning[207] D:\SOURCE\OBD2\LCD.INC 147 : Found label after column 1. (I)
Warning[207] D:\SOURCE\OBD2\LCD.INC 147 : Found label after column 1. (I)
Warning[207] D:\SOURCE\OBD2\LCD.INC 147 : Found label after column 1. (I)
Warning[207] D:\SOURCE\OBD2\LCD.INC 149 : Found label after column 1. (EXIT)
Warning[207] D:\SOURCE\OBD2\LCD.INC 147 : Found label after column 1. (I)
Warning[207] D:\SOURCE\OBD2\LCD.INC 147 : Found label after column 1. (I)
Warning[207] D:\SOURCE\OBD2\LCD.INC 147 : Found label after column 1. (I)
Warning[207] D:\SOURCE\OBD2\LCD.INC 147 : Found label after column 1. (I)
Warning[207] D:\SOURCE\OBD2\LCD.INC 147 : Found label after column 1. (I)
Warning[207] D:\SOURCE\OBD2\LCD.INC 147 : Found label after column 1. (I)
Warning[207] D:\SOURCE\OBD2\LCD.INC 147 : Found label after column 1. (I)
Warning[207] D:\SOURCE\OBD2\LCD.INC 147 : Found label after column 1. (I)
Warning[207] D:\SOURCE\OBD2\LCD.INC 147 : Found label after column 1. (I)
Warning[207] D:\SOURCE\OBD2\LCD.INC 147 : Found label after column 1. (I)
Warning[207] D:\SOURCE\OBD2\LCD.INC 147 : Found label after column 1. (I)
Warning[207] D:\SOURCE\OBD2\LCD.INC 147 : Found label after column 1. (I)
Warning[207] D:\SOURCE\OBD2\LCD.INC 147 : Found label after column 1. (I)
Warning[207] D:\SOURCE\OBD2\LCD.INC 147 : Found label after column 1. (I)
Warning[207] D:\SOURCE\OBD2\LCD.INC 147 : Found label after column 1. (I)
Warning[207] D:\SOURCE\OBD2\LCD.INC 147 : Found label after column 1. (I)
Warning[207] D:\SOURCE\OBD2\LCD.INC 147 : Found label after column 1. (I)
Warning[207] D:\SOURCE\OBD2\LCD.INC 147 : Found label after column 1. (I)
Warning[207] D:\SOURCE\OBD2\LCD.INC 147 : Found label after column 1. (I)
Warning[207] D:\SOURCE\OBD2\LCD.INC 147 : Found label after column 1. (I)
Warning[207] D:\SOURCE\OBD2\LCD.INC 149 : Found label after column 1. (EXIT)
